<?xml version="1.0" encoding="UTF-8"?>
<!-- Generated by org.testng.reporters.JUnitXMLReporter -->
<testsuite hostname="DTBLR01LP21" ignored="0" name="ActiTIME Test Cases" tests="7" failures="1" timestamp="17 Jul 2023 06:56:45 GMT" time="87.555" errors="0">
  <testcase name="loginPageTitleTest" time="2.066" classname="com.actitime.testcases.TestCases"/>
  <testcase name="logoImageTest" time="0.161" classname="com.actitime.testcases.TestCases"/>
  <testcase name="loginTest" time="10.508" classname="com.actitime.testcases.TestCases"/>
  <testcase name="capacityPlanningTest" time="16.904" classname="com.actitime.testcases.TestCases">
    <skipped/>
  </testcase> <!-- capacityPlanningTest -->
  <testcase name="capacityPlanningTest" time="12.323" classname="com.actitime.testcases.TestCases">
    <skipped/>
  </testcase> <!-- capacityPlanningTest -->
  <testcase name="capacityPlanningTest" time="17.074" classname="com.actitime.testcases.TestCases">
    <skipped/>
  </testcase> <!-- capacityPlanningTest -->
  <testcase name="capacityPlanningTest" time="12.278" classname="com.actitime.testcases.TestCases">
    <failure type="org.openqa.selenium.ElementNotInteractableException" message="element not interactable
  (Session info: chrome=114.0.5735.199)
Build info: version: &amp;apos;4.8.3&amp;apos;, revision: &amp;apos;e5e76298c3&amp;apos;
System info: os.name: &amp;apos;Windows 10&amp;apos;, os.arch: &amp;apos;amd64&amp;apos;, os.version: &amp;apos;10.0&amp;apos;, java.version: &amp;apos;1.8.0_211&amp;apos;
Driver info: org.openqa.selenium.chrome.ChromeDriver
Command: [ccd93441b9f99c1c441998225c966f74, clickElement {id=0575717DE9DCB2B78A345B991FE2F1F1_element_95}]
Capabilities {acceptInsecureCerts: false, browserName: chrome, browserVersion: 114.0.5735.199, chrome: {chromedriverVersion: 114.0.5735.90 (386bc09e8f4f..., userDataDir: C:\Users\vinitham\AppData\L...}, goog:chromeOptions: {debuggerAddress: localhost:50139}, networkConnectionEnabled: false, pageLoadStrategy: normal, platformName: WINDOWS, proxy: Proxy(), se:cdp: ws://localhost:50139/devtoo..., se:cdpVersion: 114.0.5735.199, setWindowRect: true, strictFileInteractability: false, timeouts: {implicit: 0, pageLoad: 300000, script: 30000}, unhandledPromptBehavior: dismiss and notify, webauthn:extension:credBlob: true, webauthn:extension:largeBlob: true, webauthn:extension:minPinLength: true, webauthn:extension:prf: true, webauthn:virtualAuthenticators: true}
Element: [[ChromeDriver: chrome on WINDOWS (ccd93441b9f99c1c441998225c966f74)] -&amp;gt; xpath: /html/body/div[18]/div[1]/div/div[1]/div/div[2]/div/div[7]/div[1]/div/div[1]/div[3]/div[1]/div[2]/div[2]/div]
Session ID: ccd93441b9f99c1c441998225c966f74">
      <![CDATA[org.openqa.selenium.ElementNotInteractableException: element not interactable
  (Session info: chrome=114.0.5735.199)
Build info: version: '4.8.3', revision: 'e5e76298c3'
System info: os.name: 'Windows 10', os.arch: 'amd64', os.version: '10.0', java.version: '1.8.0_211'
Driver info: org.openqa.selenium.chrome.ChromeDriver
Command: [ccd93441b9f99c1c441998225c966f74, clickElement {id=0575717DE9DCB2B78A345B991FE2F1F1_element_95}]
Capabilities {acceptInsecureCerts: false, browserName: chrome, browserVersion: 114.0.5735.199, chrome: {chromedriverVersion: 114.0.5735.90 (386bc09e8f4f..., userDataDir: C:\Users\vinitham\AppData\L...}, goog:chromeOptions: {debuggerAddress: localhost:50139}, networkConnectionEnabled: false, pageLoadStrategy: normal, platformName: WINDOWS, proxy: Proxy(), se:cdp: ws://localhost:50139/devtoo..., se:cdpVersion: 114.0.5735.199, setWindowRect: true, strictFileInteractability: false, timeouts: {implicit: 0, pageLoad: 300000, script: 30000}, unhandledPromptBehavior: dismiss and notify, webauthn:extension:credBlob: true, webauthn:extension:largeBlob: true, webauthn:extension:minPinLength: true, webauthn:extension:prf: true, webauthn:virtualAuthenticators: true}
Element: [[ChromeDriver: chrome on WINDOWS (ccd93441b9f99c1c441998225c966f74)] -> xpath: /html/body/div[18]/div[1]/div/div[1]/div/div[2]/div/div[7]/div[1]/div/div[1]/div[3]/div[1]/div[2]/div[2]/div]
Session ID: ccd93441b9f99c1c441998225c966f74
at org.openqa.selenium.remote.codec.w3c.W3CHttpResponseCodec.createException(W3CHttpResponseCodec.java:200)
at org.openqa.selenium.remote.codec.w3c.W3CHttpResponseCodec.decode(W3CHttpResponseCodec.java:133)
at org.openqa.selenium.remote.codec.w3c.W3CHttpResponseCodec.decode(W3CHttpResponseCodec.java:53)
at org.openqa.selenium.remote.HttpCommandExecutor.execute(HttpCommandExecutor.java:193)
at org.openqa.selenium.remote.service.DriverCommandExecutor.invokeExecute(DriverCommandExecutor.java:183)
at org.openqa.selenium.remote.service.DriverCommandExecutor.execute(DriverCommandExecutor.java:158)
at org.openqa.selenium.remote.RemoteWebDriver.execute(RemoteWebDriver.java:543)
at org.openqa.selenium.remote.RemoteWebElement.execute(RemoteWebElement.java:257)
at org.openqa.selenium.remote.RemoteWebElement.click(RemoteWebElement.java:78)
at org.openqa.selenium.support.events.EventFiringWebDriver$EventFiringWebElement.lambda$new$0(EventFiringWebDriver.java:378)
at com.sun.proxy.$Proxy17.click(Unknown Source)
at org.openqa.selenium.support.events.EventFiringWebDriver$EventFiringWebElement.click(EventFiringWebDriver.java:391)
at org.openqa.selenium.support.pagefactory.internal.LocatingElementHandler.invoke(LocatingElementHandler.java:52)
at com.sun.proxy.$Proxy16.click(Unknown Source)
at com.actitime.pages.HomePage.clickOnStatus(HomePage.java:87)
at com.actitime.testcases.TestCases.capacityPlanningTest(TestCases.java:56)
... Removed 35 stack frames]]>
    </failure>
  </testcase> <!-- capacityPlanningTest -->
</testsuite> <!-- ActiTIME Test Cases -->
